[debug] [2024-12-29T05:43:23.256Z] ----------------------------------------------------------------------
[debug] [2024-12-29T05:43:23.257Z] Command:       /usr/local/bin/node /usr/local/bin/firebase deploy --only functions
[debug] [2024-12-29T05:43:23.258Z] CLI Version:   13.29.1
[debug] [2024-12-29T05:43:23.258Z] Platform:      darwin
[debug] [2024-12-29T05:43:23.258Z] Node Version:  v20.10.0
[debug] [2024-12-29T05:43:23.258Z] Time:          Sun Dec 29 2024 00:43:23 GMT-0500 (Eastern Standard Time)
[debug] [2024-12-29T05:43:23.258Z] ----------------------------------------------------------------------
[debug] 
[debug] [2024-12-29T05:43:23.295Z] > command requires scopes: ["email","openid","https://www.googleapis.com/auth/cloudplatformprojects.readonly","https://www.googleapis.com/auth/firebase","https://www.googleapis.com/auth/cloud-platform"]
[debug] [2024-12-29T05:43:23.295Z] > authorizing via signed-in user (judeclark2019@gmail.com)
[debug] [2024-12-29T05:43:23.295Z] [iam] checking project verkaikings for permissions ["cloudfunctions.functions.create","cloudfunctions.functions.delete","cloudfunctions.functions.get","cloudfunctions.functions.list","cloudfunctions.functions.update","cloudfunctions.operations.get","firebase.projects.get"]
[debug] [2024-12-29T05:43:23.296Z] Checked if tokens are valid: true, expires at: 1735453588708
[debug] [2024-12-29T05:43:23.296Z] Checked if tokens are valid: true, expires at: 1735453588708
[debug] [2024-12-29T05:43:23.296Z] >>> [apiv2][query] POST https://cloudresourcemanager.googleapis.com/v1/projects/verkaikings:testIamPermissions [none]
[debug] [2024-12-29T05:43:23.296Z] >>> [apiv2][(partial)header] POST https://cloudresourcemanager.googleapis.com/v1/projects/verkaikings:testIamPermissions x-goog-quota-user=projects/verkaikings
[debug] [2024-12-29T05:43:23.296Z] >>> [apiv2][body] POST https://cloudresourcemanager.googleapis.com/v1/projects/verkaikings:testIamPermissions {"permissions":["cloudfunctions.functions.create","cloudfunctions.functions.delete","cloudfunctions.functions.get","cloudfunctions.functions.list","cloudfunctions.functions.update","cloudfunctions.operations.get","firebase.projects.get"]}
[debug] [2024-12-29T05:43:23.479Z] <<< [apiv2][status] POST https://cloudresourcemanager.googleapis.com/v1/projects/verkaikings:testIamPermissions 200
[debug] [2024-12-29T05:43:23.479Z] <<< [apiv2][body] POST https://cloudresourcemanager.googleapis.com/v1/projects/verkaikings:testIamPermissions {"permissions":["cloudfunctions.functions.create","cloudfunctions.functions.delete","cloudfunctions.functions.get","cloudfunctions.functions.list","cloudfunctions.functions.update","cloudfunctions.operations.get","firebase.projects.get"]}
[debug] [2024-12-29T05:43:23.480Z] Checked if tokens are valid: true, expires at: 1735453588708
[debug] [2024-12-29T05:43:23.480Z] Checked if tokens are valid: true, expires at: 1735453588708
[debug] [2024-12-29T05:43:23.480Z] >>> [apiv2][query] POST https://iam.googleapis.com/v1/projects/verkaikings/serviceAccounts/verkaikings@appspot.gserviceaccount.com:testIamPermissions [none]
[debug] [2024-12-29T05:43:23.480Z] >>> [apiv2][body] POST https://iam.googleapis.com/v1/projects/verkaikings/serviceAccounts/verkaikings@appspot.gserviceaccount.com:testIamPermissions {"permissions":["iam.serviceAccounts.actAs"]}
[debug] [2024-12-29T05:43:23.637Z] <<< [apiv2][status] POST https://iam.googleapis.com/v1/projects/verkaikings/serviceAccounts/verkaikings@appspot.gserviceaccount.com:testIamPermissions 404
[debug] [2024-12-29T05:43:23.638Z] <<< [apiv2][body] POST https://iam.googleapis.com/v1/projects/verkaikings/serviceAccounts/verkaikings@appspot.gserviceaccount.com:testIamPermissions {"error":{"code":404,"message":"Unknown service account","status":"NOT_FOUND"}}
[debug] [2024-12-29T05:43:23.638Z] [functions] service account IAM check errored, deploy may fail: Request to https://iam.googleapis.com/v1/projects/verkaikings/serviceAccounts/verkaikings@appspot.gserviceaccount.com:testIamPermissions had HTTP Error: 404, Unknown service account {"name":"FirebaseError","children":[],"context":{"body":{"error":{"code":404,"message":"Unknown service account","status":"NOT_FOUND"}},"response":{"statusCode":404}},"exit":1,"message":"Request to https://iam.googleapis.com/v1/projects/verkaikings/serviceAccounts/verkaikings@appspot.gserviceaccount.com:testIamPermissions had HTTP Error: 404, Unknown service account","status":404}
[info] 
[info] === Deploying to 'verkaikings'...
[info] 
[info] i  deploying functions 
[info] Running command: npm --prefix "$RESOURCE_DIR" run lint
[info] Running command: npm --prefix "$RESOURCE_DIR" run build
[info] ✔  functions: Finished running predeploy script. 
[debug] [2024-12-29T05:43:30.107Z] Checked if tokens are valid: true, expires at: 1735453588708
[debug] [2024-12-29T05:43:30.107Z] Checked if tokens are valid: true, expires at: 1735453588708
[debug] [2024-12-29T05:43:30.108Z] >>> [apiv2][query] GET https://cloudresourcemanager.googleapis.com/v1/projects/verkaikings [none]
[debug] [2024-12-29T05:43:30.298Z] <<< [apiv2][status] GET https://cloudresourcemanager.googleapis.com/v1/projects/verkaikings 200
[debug] [2024-12-29T05:43:30.298Z] <<< [apiv2][body] GET https://cloudresourcemanager.googleapis.com/v1/projects/verkaikings {"projectNumber":"686749873158","projectId":"verkaikings","lifecycleState":"ACTIVE","name":"verkaikings","labels":{"firebase":"enabled"},"createTime":"2024-10-16T17:53:50.458782Z"}
[info] i  functions: preparing codebase default for deployment 
[info] i  functions: ensuring required API cloudfunctions.googleapis.com is enabled... 
[debug] [2024-12-29T05:43:30.299Z] Checked if tokens are valid: true, expires at: 1735453588708
[debug] [2024-12-29T05:43:30.299Z] Checked if tokens are valid: true, expires at: 1735453588708
[debug] [2024-12-29T05:43:30.299Z] Checked if tokens are valid: true, expires at: 1735453588708
[debug] [2024-12-29T05:43:30.299Z] Checked if tokens are valid: true, expires at: 1735453588708
[info] i  functions: ensuring required API cloudbuild.googleapis.com is enabled... 
[debug] [2024-12-29T05:43:30.300Z] Checked if tokens are valid: true, expires at: 1735453588708
[debug] [2024-12-29T05:43:30.300Z] Checked if tokens are valid: true, expires at: 1735453588708
[info] i  artifactregistry: ensuring required API artifactregistry.googleapis.com is enabled... 
[debug] [2024-12-29T05:43:30.300Z] Checked if tokens are valid: true, expires at: 1735453588708
[debug] [2024-12-29T05:43:30.300Z] Checked if tokens are valid: true, expires at: 1735453588708
[debug] [2024-12-29T05:43:30.300Z] >>> [apiv2][query] GET https://serviceusage.googleapis.com/v1/projects/verkaikings/services/cloudfunctions.googleapis.com [none]
[debug] [2024-12-29T05:43:30.300Z] >>> [apiv2][(partial)header] GET https://serviceusage.googleapis.com/v1/projects/verkaikings/services/cloudfunctions.googleapis.com x-goog-quota-user=projects/verkaikings
[debug] [2024-12-29T05:43:30.302Z] >>> [apiv2][query] GET https://serviceusage.googleapis.com/v1/projects/verkaikings/services/runtimeconfig.googleapis.com [none]
[debug] [2024-12-29T05:43:30.302Z] >>> [apiv2][(partial)header] GET https://serviceusage.googleapis.com/v1/projects/verkaikings/services/runtimeconfig.googleapis.com x-goog-quota-user=projects/verkaikings
[debug] [2024-12-29T05:43:30.302Z] >>> [apiv2][query] GET https://serviceusage.googleapis.com/v1/projects/verkaikings/services/cloudbuild.googleapis.com [none]
[debug] [2024-12-29T05:43:30.302Z] >>> [apiv2][(partial)header] GET https://serviceusage.googleapis.com/v1/projects/verkaikings/services/cloudbuild.googleapis.com x-goog-quota-user=projects/verkaikings
[debug] [2024-12-29T05:43:30.303Z] >>> [apiv2][query] GET https://serviceusage.googleapis.com/v1/projects/verkaikings/services/artifactregistry.googleapis.com [none]
[debug] [2024-12-29T05:43:30.303Z] >>> [apiv2][(partial)header] GET https://serviceusage.googleapis.com/v1/projects/verkaikings/services/artifactregistry.googleapis.com x-goog-quota-user=projects/verkaikings
[debug] [2024-12-29T05:43:30.582Z] <<< [apiv2][status] GET https://serviceusage.googleapis.com/v1/projects/verkaikings/services/artifactregistry.googleapis.com 200
[debug] [2024-12-29T05:43:30.582Z] <<< [apiv2][body] GET https://serviceusage.googleapis.com/v1/projects/verkaikings/services/artifactregistry.googleapis.com [omitted]
[info] ✔  artifactregistry: required API artifactregistry.googleapis.com is enabled 
[debug] [2024-12-29T05:43:30.618Z] <<< [apiv2][status] GET https://serviceusage.googleapis.com/v1/projects/verkaikings/services/runtimeconfig.googleapis.com 200
[debug] [2024-12-29T05:43:30.618Z] <<< [apiv2][body] GET https://serviceusage.googleapis.com/v1/projects/verkaikings/services/runtimeconfig.googleapis.com [omitted]
[debug] [2024-12-29T05:43:30.632Z] <<< [apiv2][status] GET https://serviceusage.googleapis.com/v1/projects/verkaikings/services/cloudfunctions.googleapis.com 200
[debug] [2024-12-29T05:43:30.632Z] <<< [apiv2][body] GET https://serviceusage.googleapis.com/v1/projects/verkaikings/services/cloudfunctions.googleapis.com [omitted]
[info] ✔  functions: required API cloudfunctions.googleapis.com is enabled 
[debug] [2024-12-29T05:43:30.637Z] <<< [apiv2][status] GET https://serviceusage.googleapis.com/v1/projects/verkaikings/services/cloudbuild.googleapis.com 200
[debug] [2024-12-29T05:43:30.637Z] <<< [apiv2][body] GET https://serviceusage.googleapis.com/v1/projects/verkaikings/services/cloudbuild.googleapis.com [omitted]
[info] ✔  functions: required API cloudbuild.googleapis.com is enabled 
[debug] [2024-12-29T05:43:30.637Z] Checked if tokens are valid: true, expires at: 1735453588708
[debug] [2024-12-29T05:43:30.637Z] Checked if tokens are valid: true, expires at: 1735453588708
[debug] [2024-12-29T05:43:30.637Z] >>> [apiv2][query] GET https://firebase.googleapis.com/v1beta1/projects/verkaikings/adminSdkConfig [none]
[debug] [2024-12-29T05:43:31.015Z] <<< [apiv2][status] GET https://firebase.googleapis.com/v1beta1/projects/verkaikings/adminSdkConfig 200
[debug] [2024-12-29T05:43:31.015Z] <<< [apiv2][body] GET https://firebase.googleapis.com/v1beta1/projects/verkaikings/adminSdkConfig {"projectId":"verkaikings","storageBucket":"verkaikings.firebasestorage.app"}
[debug] [2024-12-29T05:43:31.015Z] Checked if tokens are valid: true, expires at: 1735453588708
[debug] [2024-12-29T05:43:31.015Z] Checked if tokens are valid: true, expires at: 1735453588708
[debug] [2024-12-29T05:43:31.016Z] >>> [apiv2][query] GET https://runtimeconfig.googleapis.com/v1beta1/projects/verkaikings/configs [none]
[debug] [2024-12-29T05:43:31.264Z] <<< [apiv2][status] GET https://runtimeconfig.googleapis.com/v1beta1/projects/verkaikings/configs 200
[debug] [2024-12-29T05:43:31.264Z] <<< [apiv2][body] GET https://runtimeconfig.googleapis.com/v1beta1/projects/verkaikings/configs {}
[debug] [2024-12-29T05:43:31.265Z] Validating nodejs source
[debug] [2024-12-29T05:43:31.665Z] > [functions] package.json contents: {
  "name": "functions",
  "scripts": {
    "lint": "eslint --ext .js,.ts .",
    "build": "tsc",
    "build:watch": "tsc --watch",
    "serve": "npm run build && firebase emulators:start --only functions",
    "shell": "npm run build && firebase functions:shell",
    "start": "npm run shell",
    "deploy": "firebase deploy --only functions",
    "logs": "firebase functions:log"
  },
  "engines": {
    "node": "20"
  },
  "main": "lib/index.js",
  "dependencies": {
    "firebase-admin": "^12.7.0",
    "firebase-functions": "^6.0.1"
  },
  "devDependencies": {
    "@typescript-eslint/eslint-plugin": "^5.12.0",
    "@typescript-eslint/parser": "^5.12.0",
    "eslint": "^8.9.0",
    "eslint-config-google": "^0.14.0",
    "eslint-plugin-import": "^2.25.4",
    "firebase-functions-test": "^3.1.0",
    "typescript": "^4.9.0"
  },
  "private": true
}
[debug] [2024-12-29T05:43:31.666Z] Building nodejs source
[info] i  functions: Loading and analyzing source code for codebase default to determine what to deploy 
[debug] [2024-12-29T05:43:31.666Z] Could not find functions.yaml. Must use http discovery
[debug] [2024-12-29T05:43:31.671Z] Found firebase-functions binary at '/Users/judeclark/Desktop/Code Couture/wv-fan-club/functions/node_modules/.bin/firebase-functions'
[info] Serving at port 8279

[debug] [2024-12-29T05:43:31.841Z] Got response from /__/functions.yaml {"endpoints":{"sendWelcomeNotifications":{"availableMemoryMb":null,"timeoutSeconds":null,"minInstances":null,"maxInstances":null,"ingressSettings":null,"concurrency":null,"serviceAccountEmail":null,"vpc":null,"platform":"gcfv2","labels":{},"eventTrigger":{"eventType":"google.cloud.firestore.document.v1.created","eventFilters":{"database":"(default)","namespace":"(default)"},"eventFilterPathPatterns":{"document":"users/{docId}"},"retry":false},"entryPoint":"sendWelcomeNotifications"},"sendNewStoryNotifications":{"availableMemoryMb":null,"timeoutSeconds":null,"minInstances":null,"maxInstances":null,"ingressSettings":null,"concurrency":null,"serviceAccountEmail":null,"vpc":null,"platform":"gcfv2","labels":{},"eventTrigger":{"eventType":"google.cloud.firestore.document.v1.created","eventFilters":{"database":"(default)","namespace":"(default)"},"eventFilterPathPatterns":{"document":"myWillemijnStories/{docId}"},"retry":false},"entryPoint":"sendNewStoryNotifications"},"birthdayCheck":{"availableMemoryMb":null,"timeoutSeconds":null,"minInstances":null,"maxInstances":null,"ingressSettings":null,"concurrency":null,"serviceAccountEmail":null,"vpc":null,"platform":"gcfv2","labels":{},"scheduleTrigger":{"schedule":"every day 08:00","retryConfig":{},"timeZone":"Europe/Berlin"},"entryPoint":"birthdayCheck"},"sendNewEventNotifications":{"availableMemoryMb":null,"timeoutSeconds":null,"minInstances":null,"maxInstances":null,"ingressSettings":null,"concurrency":null,"serviceAccountEmail":null,"vpc":null,"platform":"gcfv2","labels":{},"eventTrigger":{"eventType":"google.cloud.firestore.document.v1.created","eventFilters":{"database":"(default)","namespace":"(default)"},"eventFilterPathPatterns":{"document":"events/{docId}"},"retry":false},"entryPoint":"sendNewEventNotifications"}},"specVersion":"v1alpha1","requiredAPIs":[{"api":"cloudscheduler.googleapis.com","reason":"Needed for scheduled functions."}],"extensions":{}}
